=== 30Q Final Trace ===
[EdgeQuantum Jetson SOTA] 30Q. Size: 8.59GB
  -> Strategy: [96mZero-Copy Pipeline (NVMe O_DIRECT)[0m
  -> Formatting NVMe storage (32 chunks)...
     Writing chunk 0...
     Writing chunk 10/32...
     Writing chunk 20/32...
     Writing chunk 30/32...
     Writing chunk 31/32...
  -> NVMe formatting complete.
Applying gates...
❌ 30Q FAILURE: CUSTATEVEC_STATUS_INVALID_VALUE (invalid value)
Traceback (most recent call last):
  File "<string>", line 11, in <module>
  File "/mnt/data/edgeQuantum-iotj/code/tiered_simulator.py", line 267, in flush_gates
    self._pipeline_zerocopy(local_gates)
  File "/mnt/data/edgeQuantum-iotj/code/tiered_simulator.py", line 318, in _pipeline_zerocopy
    cusv.apply_matrix(
  File "cuquantum/custatevec/custatevec.pyx", line 803, in cuquantum.custatevec.custatevec.apply_matrix
  File "cuquantum/custatevec/custatevec.pyx", line 882, in cuquantum.custatevec.custatevec.apply_matrix
  File "cuquantum/custatevec/custatevec.pyx", line 185, in cuquantum.custatevec.custatevec.check_status
cuquantum.custatevec.custatevec.cuStateVecError: CUSTATEVEC_STATUS_INVALID_VALUE (invalid value)
