nohup: ignoring input
⚡ [cuQuantum] 34 qubits (custatevec enabled)
⚡ [cuQuantum] Tiered Memory: 4096 chunks, Compression: ON
  Running Init...
  Init: 0/4096 (0%)
  Init: 128/4096 (3%)
  Init: 256/4096 (6%)
  Init: 384/4096 (9%)
  Init: 512/4096 (12%)
  Init: 640/4096 (15%)
  Init: 768/4096 (18%)
  Init: 896/4096 (21%)
  Init: 1024/4096 (25%)
  Init: 1152/4096 (28%)
  Init: 1280/4096 (31%)
  Init: 1408/4096 (34%)
  Init: 1536/4096 (37%)
  Init: 1664/4096 (40%)
  Init: 1792/4096 (43%)
  Init: 1920/4096 (46%)
  Init: 2048/4096 (50%)
  Init: 2176/4096 (53%)
  Init: 2304/4096 (56%)
  Init: 2432/4096 (59%)
  Init: 2560/4096 (62%)
  Init: 2688/4096 (65%)
  Init: 2816/4096 (68%)
  Init: 2944/4096 (71%)
  Init: 3072/4096 (75%)
  Init: 3200/4096 (78%)
  Init: 3328/4096 (81%)
  Init: 3456/4096 (84%)
  Init: 3584/4096 (87%)
  Init: 3712/4096 (90%)
  Init: 3840/4096 (93%)
  Init: 3968/4096 (96%)
  Init Done: 4.25s
  Applying H(q0) with custatevec...
  Gate: 0/4096 (0%)
  Gate: 128/4096 (3%)
  Gate: 256/4096 (6%)
  Gate: 384/4096 (9%)
  Gate: 512/4096 (12%)
  Gate: 640/4096 (15%)
  Gate: 768/4096 (18%)
  Gate: 896/4096 (21%)
  Gate: 1024/4096 (25%)
  Gate: 1152/4096 (28%)
  Gate: 1280/4096 (31%)
  Gate: 1408/4096 (34%)
  Gate: 1536/4096 (37%)
  Gate: 1664/4096 (40%)
  Gate: 1792/4096 (43%)
  Gate: 1920/4096 (46%)
  Gate: 2048/4096 (50%)
  Gate: 2176/4096 (53%)
  Gate: 2304/4096 (56%)
  Gate: 2432/4096 (59%)
  Gate: 2560/4096 (62%)
  Gate: 2688/4096 (65%)
  Gate: 2816/4096 (68%)
  Gate: 2944/4096 (71%)
  Gate: 3072/4096 (75%)
  Gate: 3200/4096 (78%)
  Gate: 3328/4096 (81%)
  Gate: 3456/4096 (84%)
  Gate: 3584/4096 (87%)
  Gate: 3712/4096 (90%)
  Gate: 3840/4096 (93%)
  Gate: 3968/4096 (96%)
  Gate Done: 421.64s

✅ [Success] 34q cuQuantum Tiered Simulation
Init: 4.25s
Gate: 421.64s
Total: 425.89s
