\BOOKMARK [1][-]{section.1}{Introduction}{}% 1
\BOOKMARK [2][-]{subsection.1.1}{Motivation: The Edge Quantum Gap}{section.1}% 2
\BOOKMARK [2][-]{subsection.1.2}{Motivational Evaluation}{section.1}% 3
\BOOKMARK [2][-]{subsection.1.3}{Comparison with Prior Work}{section.1}% 4
\BOOKMARK [2][-]{subsection.1.4}{Contributions}{section.1}% 5
\BOOKMARK [1][-]{section.2}{Background}{}% 6
\BOOKMARK [2][-]{subsection.2.1}{Variational Quantum Algorithms}{section.2}% 7
\BOOKMARK [3][-]{subsubsection.2.1.1}{Variational Quantum Eigensolver \(VQE\)}{subsection.2.1}% 8
\BOOKMARK [3][-]{subsubsection.2.1.2}{Quantum Approximate Optimization Algorithm \(QAOA\)}{subsection.2.1}% 9
\BOOKMARK [2][-]{subsection.2.2}{Edge Computing for Quantum Simulation}{section.2}% 10
\BOOKMARK [3][-]{subsubsection.2.2.1}{NVIDIA Jetson Platform}{subsection.2.2}% 11
\BOOKMARK [3][-]{subsubsection.2.2.2}{cuQuantum SDK}{subsection.2.2}% 12
\BOOKMARK [2][-]{subsection.2.3}{Memory Scaling in Quantum Simulation}{section.2}% 13
\BOOKMARK [1][-]{section.3}{System Design}{}% 14
\BOOKMARK [2][-]{subsection.3.1}{State Vector Engine}{section.3}% 15
\BOOKMARK [3][-]{subsubsection.3.1.1}{Tensor-Based Gate Application}{subsection.3.1}% 16
\BOOKMARK [3][-]{subsubsection.3.1.2}{CNOT Implementation}{subsection.3.1}% 17
\BOOKMARK [2][-]{subsection.3.2}{Memory-Efficient QAOA Operators}{section.3}% 18
\BOOKMARK [2][-]{subsection.3.3}{Expectation Value Computation}{section.3}% 19
\BOOKMARK [2][-]{subsection.3.4}{Classical Optimizer Integration}{section.3}% 20
\BOOKMARK [2][-]{subsection.3.5}{Ansatz Circuits}{section.3}% 21
\BOOKMARK [3][-]{subsubsection.3.5.1}{Hardware-Efficient Ansatz}{subsection.3.5}% 22
\BOOKMARK [3][-]{subsubsection.3.5.2}{QAOA Circuit}{subsection.3.5}% 23
\BOOKMARK [2][-]{subsection.3.6}{Tiered Memory Offloading}{section.3}% 24
\BOOKMARK [2][-]{subsection.3.7}{Compressed Tiered Memory}{section.3}% 25
\BOOKMARK [1][-]{section.4}{Evaluation}{}% 26
\BOOKMARK [2][-]{subsection.4.1}{Experimental Setup}{section.4}% 27
\BOOKMARK [2][-]{subsection.4.2}{RQ1: Maximum Qubit Scalability}{section.4}% 28
\BOOKMARK [2][-]{subsection.4.3}{Tiered Memory Performance}{section.4}% 29
\BOOKMARK [2][-]{subsection.4.4}{RQ2: VQE Performance}{section.4}% 30
\BOOKMARK [2][-]{subsection.4.5}{RQ3: QAOA MaxCut Accuracy}{section.4}% 31
\BOOKMARK [2][-]{subsection.4.6}{Energy Efficiency}{section.4}% 32
\BOOKMARK [2][-]{subsection.4.7}{Compressed Simulation Performance}{section.4}% 33
\BOOKMARK [2][-]{subsection.4.8}{Native cuQuantum Simulation Performance}{section.4}% 34
\BOOKMARK [2][-]{subsection.4.9}{Resource Utilization Analysis}{section.4}% 35
\BOOKMARK [2][-]{subsection.4.10}{Comparison with Cloud Quantum}{section.4}% 36
\BOOKMARK [1][-]{section.5}{Related Work}{}% 37
\BOOKMARK [2][-]{subsection.5.1}{Quantum Circuit Simulation}{section.5}% 38
\BOOKMARK [2][-]{subsection.5.2}{Variational Quantum Algorithms}{section.5}% 39
\BOOKMARK [2][-]{subsection.5.3}{Edge AI and Quantum Computing}{section.5}% 40
\BOOKMARK [2][-]{subsection.5.4}{Energy-Efficient Quantum Simulation}{section.5}% 41
\BOOKMARK [1][-]{section.6}{Conclusion}{}% 42
\BOOKMARK [1][-]{section*.2}{References}{}% 43
